[debug] [2022-11-20T07:48:22.778Z] ----------------------------------------------------------------------
[debug] [2022-11-20T07:48:22.780Z] Command:       C:\Program Files\nodejs\node.exe C:\Users\0toju\AppData\Roaming\npm\node_modules\firebase-tools\lib\bin\firebase.js deploy
[debug] [2022-11-20T07:48:22.780Z] CLI Version:   11.11.0
[debug] [2022-11-20T07:48:22.780Z] Platform:      win32
[debug] [2022-11-20T07:48:22.780Z] Node Version:  v16.17.0
[debug] [2022-11-20T07:48:22.781Z] Time:          Sun Nov 20 2022 01:48:22 GMT-0600 (Central Standard Time)
[debug] [2022-11-20T07:48:22.781Z] ----------------------------------------------------------------------
[debug] 
[debug] [2022-11-20T07:48:22.784Z] >>> [apiv2][query] GET https://firebase-public.firebaseio.com/cli.json [none]
[debug] [2022-11-20T07:48:22.840Z] > command requires scopes: ["email","openid","https://www.googleapis.com/auth/cloudplatformprojects.readonly","https://www.googleapis.com/auth/firebase","https://www.googleapis.com/auth/cloud-platform"]
[debug] [2022-11-20T07:48:22.840Z] > authorizing via signed-in user (0carlitos2@gmail.com)
[debug] [2022-11-20T07:48:22.840Z] [iam] checking project frontera-hacks for permissions ["firebase.projects.get","firebasehosting.sites.update"]
[debug] [2022-11-20T07:48:22.841Z] > refreshing access token with scopes: []
[debug] [2022-11-20T07:48:22.842Z] >>> [apiv2][query] POST https://www.googleapis.com/oauth2/v3/token [none]
[debug] [2022-11-20T07:48:22.842Z] >>> [apiv2][body] POST https://www.googleapis.com/oauth2/v3/token [omitted]
[debug] [2022-11-20T07:48:23.028Z] <<< [apiv2][status] GET https://firebase-public.firebaseio.com/cli.json 200
[debug] [2022-11-20T07:48:23.028Z] <<< [apiv2][body] GET https://firebase-public.firebaseio.com/cli.json {"cloudBuildErrorAfter":1594252800000,"cloudBuildWarnAfter":1590019200000,"defaultNode10After":1594252800000,"minVersion":"3.0.5","node8DeploysDisabledAfter":1613390400000,"node8RuntimeDisabledAfter":1615809600000,"node8WarnAfter":1600128000000}
[debug] [2022-11-20T07:48:23.064Z] <<< [apiv2][status] POST https://www.googleapis.com/oauth2/v3/token 200
[debug] [2022-11-20T07:48:23.064Z] <<< [apiv2][body] POST https://www.googleapis.com/oauth2/v3/token [omitted]
[debug] [2022-11-20T07:48:23.071Z] >>> [apiv2][query] POST https://cloudresourcemanager.googleapis.com/v1/projects/frontera-hacks:testIamPermissions [none]
[debug] [2022-11-20T07:48:23.071Z] >>> [apiv2][(partial)header] POST https://cloudresourcemanager.googleapis.com/v1/projects/frontera-hacks:testIamPermissions x-goog-quota-user=projects/frontera-hacks
[debug] [2022-11-20T07:48:23.071Z] >>> [apiv2][body] POST https://cloudresourcemanager.googleapis.com/v1/projects/frontera-hacks:testIamPermissions {"permissions":["firebase.projects.get","firebasehosting.sites.update"]}
[debug] [2022-11-20T07:48:23.336Z] <<< [apiv2][status] POST https://cloudresourcemanager.googleapis.com/v1/projects/frontera-hacks:testIamPermissions 200
[debug] [2022-11-20T07:48:23.336Z] <<< [apiv2][body] POST https://cloudresourcemanager.googleapis.com/v1/projects/frontera-hacks:testIamPermissions {"permissions":["firebase.projects.get","firebasehosting.sites.update"]}
[debug] [2022-11-20T07:48:23.337Z] >>> [apiv2][query] GET https://firebase.googleapis.com/v1beta1/projects/frontera-hacks [none]
[debug] [2022-11-20T07:48:23.614Z] <<< [apiv2][status] GET https://firebase.googleapis.com/v1beta1/projects/frontera-hacks 200
[debug] [2022-11-20T07:48:23.614Z] <<< [apiv2][body] GET https://firebase.googleapis.com/v1beta1/projects/frontera-hacks {"projectId":"frontera-hacks","projectNumber":"468033336189","displayName":"frontera-hacks","name":"projects/frontera-hacks","resources":{"hostingSite":"frontera-hacks"},"state":"ACTIVE","etag":"1_618b9163-8ae6-4462-b565-f26553dd9192"}
[info] 
[info] === Deploying to 'frontera-hacks'...
[info] 
[info] i  deploying hosting 
[debug] [2022-11-20T07:48:23.616Z] >>> [apiv2][query] GET https://firebase.googleapis.com/v1beta1/projects/frontera-hacks [none]
[debug] [2022-11-20T07:48:23.846Z] <<< [apiv2][status] GET https://firebase.googleapis.com/v1beta1/projects/frontera-hacks 200
[debug] [2022-11-20T07:48:23.847Z] <<< [apiv2][body] GET https://firebase.googleapis.com/v1beta1/projects/frontera-hacks {"projectId":"frontera-hacks","projectNumber":"468033336189","displayName":"frontera-hacks","name":"projects/frontera-hacks","resources":{"hostingSite":"frontera-hacks"},"state":"ACTIVE","etag":"1_618b9163-8ae6-4462-b565-f26553dd9192"}
[debug] [2022-11-20T07:48:23.848Z] >>> [apiv2][query] POST https://firebasehosting.googleapis.com/v1beta1/projects/468033336189/sites/frontera-hacks/versions [none]
[debug] [2022-11-20T07:48:23.848Z] >>> [apiv2][body] POST https://firebasehosting.googleapis.com/v1beta1/projects/468033336189/sites/frontera-hacks/versions {"config":{"rewrites":[{"glob":"**","path":"/index.html"}]},"labels":{"deployment-tool":"cli-firebase"}}
[debug] [2022-11-20T07:48:24.459Z] <<< [apiv2][status] POST https://firebasehosting.googleapis.com/v1beta1/projects/468033336189/sites/frontera-hacks/versions 200
[debug] [2022-11-20T07:48:24.459Z] <<< [apiv2][body] POST https://firebasehosting.googleapis.com/v1beta1/projects/468033336189/sites/frontera-hacks/versions {"name":"projects/468033336189/sites/frontera-hacks/versions/10056be6e7216bac","status":"CREATED","config":{"rewrites":[{"glob":"**","path":"/index.html"}]},"labels":{"deployment-tool":"cli-firebase"}}
[info] i  hosting[frontera-hacks]: beginning deploy... 
[info] i  hosting[frontera-hacks]: found 53 files in _site 
[debug] [2022-11-20T07:48:24.481Z] [hosting] uploading with 200 concurrency
[debug] [2022-11-20T07:48:24.512Z] [hosting] hash cache [X3NpdGU] stored for 53 files
[debug] [2022-11-20T07:48:24.513Z] [hosting][hash queue][FINAL] {"max":21,"min":0,"avg":6.113131818569612,"active":0,"complete":53,"success":53,"errored":0,"retried":0,"total":53,"elapsed":30}
[debug] [2022-11-20T07:48:24.513Z] >>> [apiv2][query] POST https://firebasehosting.googleapis.com/v1beta1/projects/468033336189/sites/frontera-hacks/versions/10056be6e7216bac:populateFiles [none]
[debug] [2022-11-20T07:48:24.513Z] >>> [apiv2][body] POST https://firebasehosting.googleapis.com/v1beta1/projects/468033336189/sites/frontera-hacks/versions/10056be6e7216bac:populateFiles {"files":{"/LICENSE":"ea2f91c5474d35fa0b97a0dd777aad553ad9af0621d0aacd0d17fce775d11b63","/css/bootstrap.min.css":"1247a7bae5db2f6ca238389883721037c407542c7d758684e36c46ccda5d8c96","/images/android-chrome-192x192.png":"621f3005f87f4c10735ee465e55a2fcfbc99b797eaf58e70c49cb41e2475ef48","/images/android-chrome-512x512.png":"54e7320ee03ecc47f274e2ad66137557b48c06c5f32da6b223a0cca52e115376","/images/apple-touch-icon.png":"917a55c97cb97c8c935ca66b06fbb210ff55860d553c0cf9146a24b087c681b6","/images/browserconfig.xml":"c0072185bf1f6a697bedbda89fd572454aac8425f83acc5fd37505fbc1261336","/images/favicon-16x16.png":"af3bd4286dbec40491cd79fbc8928ba3144698690bd61838699afc8aa8836917","/images/favicon-32x32.png":"ff2cd499a25a3bd414e86f6f5d83a3e63a3916492fc99fc1c8dad5fbddeef17b","/images/favicon.ico":"837ba808f6db054391a3810c7fd696b0d3fdbb0ed0136376376454c322cdf8b6","/images/frontera_hacks_logo.svg":"7a4e42a4f8367494bdf47e11977e8c2b742927ff77bfcb8bff01e175679ff4b1","/images/hero_buildings.svg":"e9d73badaed58d9897b3ee5b56ff6c76a66eaea9e49efc518e59dbc4f5ee7353","/images/image1.png":"7b479d780a0c13ddf5e6cb53a5427369b3b2d791da17f7d28ab9f20a381bbbd8","/images/image2.png":"0f17f55f661b3f39ae830e1e09599ffdaed04a7ef586cabd811c251b1a359962","/images/image3.png":"f65b72fe136d50b6f7dae1997df59eb065bc937b61b90eec552818b9eaf45787","/images/mstile-150x150.png":"44367567520f82209f9d687edf684d72fc5d5a57c1f21b36c067181a5f232bb7","/images/register_banner.svg":"f00c4e2539f265b306a639471454ff7bb5c00f3acb885c18e601cd8437a51b33","/images/safari-pinned-tab.svg":"1e0d59bb6e1b6d2c29ef55144de59f413fcae35642b04e1931e67f35c6792ed9","/images/site.webmanifest":"82f20d239b271c14049c7ab847ac2a879ddbb328ea4bb750fa164f492331c900","/images/Sponsors/Crowdstrike/CrowdStrike_Logos/CS_Logos_2020_FullBlack_FullBlack.png":"bf6cf7dfe9a5809195c20001469496f5de5994ff51138217d71e973ee542d0de","/images/Sponsors/Crowdstrike/CrowdStrike_Logos/CS_Logos_2020_FullRed_FullRed.png":"38574d10750e5c7ca9968481e7480fdf9fb5479275e275910a8c02d2d95509b9","/images/Sponsors/Crowdstrike/CrowdStrike_Logos/CS_Logos_2020_FullWhite_FullWhite.png":"4b937d5d8cc18a8c39c4cc02c8ed4499977ab43bdc253fe2a41e109b06ab4709","/images/Sponsors/Crowdstrike/CrowdStrike_Logos/CS_Logos_2020_InlineBlack_InlineBlack.png":"bfedd3445a0a4ce7de3800f9909e9ac0fc40d6e6b3755c5f0c655b1629b72bb9","/images/Sponsors/Crowdstrike/CrowdStrike_Logos/CS_Logos_2020_InlineFullWhite_InlineFullWhite.png":"28cc5d23d0e9e7315bd646e80389c9590cf79daaf10465a6835310e19e737fc3","/images/Sponsors/Crowdstrike/CrowdStrike_Logos/CS_Logos_2020_InlineRed_InlineRed.png":"ea804e37f548bfbb51e4e5d1bd1b5b7506df722a058e095ca257dc2e6c343ea2","/images/Sponsors/Crowdstrike/CrowdStrike_Logos/CS_Logos_2020_InlineWhite_InlineWhite.png":"dc1831ae18c9a873b93386faa3bf5c8854c4c175a59518d44e000f179359b774","/images/Sponsors/HEB/heb-logo@logotyp.us.svg":"748f3dcb8b53ca84fa9053a0aafa1c5d776358d4f80551475d53c06bd4de5b66","/images/Sponsors/Rosenfeld_Media/RM-Logo_logotype.png":"64372d8ba19aadf4ec8e4d28b356edaa110d5d25387047a65dd71aa858a30eea","/images/Sponsors/Taskade/taskade-circle-icon.png":"9087464f9124ef862596c023d28b9fb368aaee4ccaa28c09d468258dd7d139a4","/js/jquery-1.11.3.js":"3692f07a48abc6668453c8492b8b44afcac6faf212b39cec0fd3fc626a9bb9e5","/css/base.css":"195eb3e8749e7f0291ea7713b6fa30e7898eab763877547900439b0ee0f7f277","/images/transition.svg":"1716b5d7d32969e6746d82a25f0fa5843a81c6e20c39cc0e2ae779f105db3daa","/success.html":"c7db593d93712327a9601d586cebef87762c01b2ddad8351c67823fac7245fa7","/css/original.css":"9cce3e03163abe3a93a47ba98d0055edd36de9dd9276a5542bb8b79f57652dec","/images/frontera_hacks_footer_logo.png":"76ad493425ad2fbd60b6738216612bcc47c54290cbe347ff1a2383c2f2f93616","/index.html":"76ecb595a461fdae3b9e955da41af74451e7a89bbd87f99ee0474a10c5578b49","/images/social/discord-black.svg":"c6458bb842443e3dd637b79fa69e58c01d8327ccb20be6769f8e6655bb44ca8c","/images/social/discord.svg":"c3908566c4f344e11c8fe6dbe9ce537a750a576454dc73ab1939fb0b3b28f0e6","/images/social/facebook.svg":"09afb19798b07de3a4a7fcb70062d7887f6ea73966ba6555237314d1d2d553b2","/images/social/instagram-black.svg":"6892e758e89940fb2813bae9214507bcf938c01a1809a7afe4e3709a13685f3e","/images/social/instagram.svg":"2e411a5f8c45efca2960e6d3ec70f051340d8546b2b3fc5494efe9fbe9beecbb","/images/social/facebook-black.svg":"81725073f777136f42f1df818e0167f107fbd27980a98b49191363f941eadef1","/images/social/twitter-black.svg":"f5136860313544aeedb9307de64b908b7c12f24c83438fa75e9e5fbf1939db76","/images/social/twitter.svg":"722e081307194fe50c36ceb7f410b0a282376b9c27b4782bbeb89a33c1f2137f","/images/social/youtube.svg":"504ab0547f1f9a5b6f9153ee63d559a15fa1e5ce30740d45b520de2a14dcb9eb","/images/social/youtube-black.svg":"8936e7482231c7731bc6fae9436e71c2a67c475cc1fd9e9db3337ff58402ffeb","/images/people/gabe.png":"051936ec4a5904bd3378132cbf6cb1ec7164b88b929d1b01339480b0e8ace202","/images/people/hectorL.png":"8ac10393f9d175f0d699d33ac1441a5473a5454b40493dbce92df13ebd25c351","/images/frontera_hacks_footer_logo.svg":"907a25a79dc75a317e024a7786c17fb35be627034d2e24cc84a8c1bdd379562f","/images/people/Jesus.png":"e0f9f9e117fbedca97f2a1ab5092359ae49d004bf34ffebeaf13bd70b7f0b4b9","/images/people/carlos_hernandez.png":"37a0de7455e93385312072c5648c15c58d1ddee08c9c1740d78f1f2c51fb91ad","/images/people/belinda_alvarado.png":"d95c1bdb1aace83e2e8e7796057b5cc8fc84745173477287da33a52b7d46bc52","/images/people/juan_manuel.png":"7a6ebf178a56c0341e2d05272dbc97d39fd2174a361cbd1ef062ac0e32bbd31a","/images/people/the_official_jerry.png":"b5cf3b2682ea2eb7798fc5946feb083443f0b1274dde28ad3335b91206d6548f"}}
[debug] [2022-11-20T07:48:24.909Z] <<< [apiv2][status] POST https://firebasehosting.googleapis.com/v1beta1/projects/468033336189/sites/frontera-hacks/versions/10056be6e7216bac:populateFiles 200
[debug] [2022-11-20T07:48:24.909Z] <<< [apiv2][body] POST https://firebasehosting.googleapis.com/v1beta1/projects/468033336189/sites/frontera-hacks/versions/10056be6e7216bac:populateFiles {"uploadRequiredHashes":["76ecb595a461fdae3b9e955da41af74451e7a89bbd87f99ee0474a10c5578b49","81725073f777136f42f1df818e0167f107fbd27980a98b49191363f941eadef1","907a25a79dc75a317e024a7786c17fb35be627034d2e24cc84a8c1bdd379562f","504ab0547f1f9a5b6f9153ee63d559a15fa1e5ce30740d45b520de2a14dcb9eb","6892e758e89940fb2813bae9214507bcf938c01a1809a7afe4e3709a13685f3e","37a0de7455e93385312072c5648c15c58d1ddee08c9c1740d78f1f2c51fb91ad","f5136860313544aeedb9307de64b908b7c12f24c83438fa75e9e5fbf1939db76","76ad493425ad2fbd60b6738216612bcc47c54290cbe347ff1a2383c2f2f93616","8936e7482231c7731bc6fae9436e71c2a67c475cc1fd9e9db3337ff58402ffeb","722e081307194fe50c36ceb7f410b0a282376b9c27b4782bbeb89a33c1f2137f","c6458bb842443e3dd637b79fa69e58c01d8327ccb20be6769f8e6655bb44ca8c","8ac10393f9d175f0d699d33ac1441a5473a5454b40493dbce92df13ebd25c351","09afb19798b07de3a4a7fcb70062d7887f6ea73966ba6555237314d1d2d553b2","9cce3e03163abe3a93a47ba98d0055edd36de9dd9276a5542bb8b79f57652dec","c7db593d93712327a9601d586cebef87762c01b2ddad8351c67823fac7245fa7","b5cf3b2682ea2eb7798fc5946feb083443f0b1274dde28ad3335b91206d6548f","051936ec4a5904bd3378132cbf6cb1ec7164b88b929d1b01339480b0e8ace202","c3908566c4f344e11c8fe6dbe9ce537a750a576454dc73ab1939fb0b3b28f0e6","2e411a5f8c45efca2960e6d3ec70f051340d8546b2b3fc5494efe9fbe9beecbb","7a6ebf178a56c0341e2d05272dbc97d39fd2174a361cbd1ef062ac0e32bbd31a","e0f9f9e117fbedca97f2a1ab5092359ae49d004bf34ffebeaf13bd70b7f0b4b9","195eb3e8749e7f0291ea7713b6fa30e7898eab763877547900439b0ee0f7f277","d95c1bdb1aace83e2e8e7796057b5cc8fc84745173477287da33a52b7d46bc52","1716b5d7d32969e6746d82a25f0fa5843a81c6e20c39cc0e2ae779f105db3daa"],"uploadUrl":"https://upload-firebasehosting.googleapis.com/upload/sites/frontera-hacks/versions/10056be6e7216bac/files"}
[debug] [2022-11-20T07:48:24.912Z] >>> [apiv2][query] POST https://upload-firebasehosting.googleapis.com/upload/sites/frontera-hacks/versions/10056be6e7216bac/files/76ecb595a461fdae3b9e955da41af74451e7a89bbd87f99ee0474a10c5578b49 [none]
[debug] [2022-11-20T07:48:24.912Z] >>> [apiv2][body] POST https://upload-firebasehosting.googleapis.com/upload/sites/frontera-hacks/versions/10056be6e7216bac/files/76ecb595a461fdae3b9e955da41af74451e7a89bbd87f99ee0474a10c5578b49 [stream]
[debug] [2022-11-20T07:48:24.913Z] >>> [apiv2][query] POST https://upload-firebasehosting.googleapis.com/upload/sites/frontera-hacks/versions/10056be6e7216bac/files/81725073f777136f42f1df818e0167f107fbd27980a98b49191363f941eadef1 [none]
[debug] [2022-11-20T07:48:24.913Z] >>> [apiv2][body] POST https://upload-firebasehosting.googleapis.com/upload/sites/frontera-hacks/versions/10056be6e7216bac/files/81725073f777136f42f1df818e0167f107fbd27980a98b49191363f941eadef1 [stream]
[debug] [2022-11-20T07:48:24.913Z] >>> [apiv2][query] POST https://upload-firebasehosting.googleapis.com/upload/sites/frontera-hacks/versions/10056be6e7216bac/files/907a25a79dc75a317e024a7786c17fb35be627034d2e24cc84a8c1bdd379562f [none]
[debug] [2022-11-20T07:48:24.913Z] >>> [apiv2][body] POST https://upload-firebasehosting.googleapis.com/upload/sites/frontera-hacks/versions/10056be6e7216bac/files/907a25a79dc75a317e024a7786c17fb35be627034d2e24cc84a8c1bdd379562f [stream]
[debug] [2022-11-20T07:48:24.914Z] >>> [apiv2][query] POST https://upload-firebasehosting.googleapis.com/upload/sites/frontera-hacks/versions/10056be6e7216bac/files/504ab0547f1f9a5b6f9153ee63d559a15fa1e5ce30740d45b520de2a14dcb9eb [none]
[debug] [2022-11-20T07:48:24.914Z] >>> [apiv2][body] POST https://upload-firebasehosting.googleapis.com/upload/sites/frontera-hacks/versions/10056be6e7216bac/files/504ab0547f1f9a5b6f9153ee63d559a15fa1e5ce30740d45b520de2a14dcb9eb [stream]
[debug] [2022-11-20T07:48:24.915Z] >>> [apiv2][query] POST https://upload-firebasehosting.googleapis.com/upload/sites/frontera-hacks/versions/10056be6e7216bac/files/6892e758e89940fb2813bae9214507bcf938c01a1809a7afe4e3709a13685f3e [none]
[debug] [2022-11-20T07:48:24.915Z] >>> [apiv2][body] POST https://upload-firebasehosting.googleapis.com/upload/sites/frontera-hacks/versions/10056be6e7216bac/files/6892e758e89940fb2813bae9214507bcf938c01a1809a7afe4e3709a13685f3e [stream]
[debug] [2022-11-20T07:48:24.915Z] >>> [apiv2][query] POST https://upload-firebasehosting.googleapis.com/upload/sites/frontera-hacks/versions/10056be6e7216bac/files/37a0de7455e93385312072c5648c15c58d1ddee08c9c1740d78f1f2c51fb91ad [none]
[debug] [2022-11-20T07:48:24.915Z] >>> [apiv2][body] POST https://upload-firebasehosting.googleapis.com/upload/sites/frontera-hacks/versions/10056be6e7216bac/files/37a0de7455e93385312072c5648c15c58d1ddee08c9c1740d78f1f2c51fb91ad [stream]
[debug] [2022-11-20T07:48:24.916Z] >>> [apiv2][query] POST https://upload-firebasehosting.googleapis.com/upload/sites/frontera-hacks/versions/10056be6e7216bac/files/f5136860313544aeedb9307de64b908b7c12f24c83438fa75e9e5fbf1939db76 [none]
[debug] [2022-11-20T07:48:24.916Z] >>> [apiv2][body] POST https://upload-firebasehosting.googleapis.com/upload/sites/frontera-hacks/versions/10056be6e7216bac/files/f5136860313544aeedb9307de64b908b7c12f24c83438fa75e9e5fbf1939db76 [stream]
[debug] [2022-11-20T07:48:24.917Z] >>> [apiv2][query] POST https://upload-firebasehosting.googleapis.com/upload/sites/frontera-hacks/versions/10056be6e7216bac/files/76ad493425ad2fbd60b6738216612bcc47c54290cbe347ff1a2383c2f2f93616 [none]
[debug] [2022-11-20T07:48:24.917Z] >>> [apiv2][body] POST https://upload-firebasehosting.googleapis.com/upload/sites/frontera-hacks/versions/10056be6e7216bac/files/76ad493425ad2fbd60b6738216612bcc47c54290cbe347ff1a2383c2f2f93616 [stream]
[debug] [2022-11-20T07:48:24.917Z] >>> [apiv2][query] POST https://upload-firebasehosting.googleapis.com/upload/sites/frontera-hacks/versions/10056be6e7216bac/files/8936e7482231c7731bc6fae9436e71c2a67c475cc1fd9e9db3337ff58402ffeb [none]
[debug] [2022-11-20T07:48:24.917Z] >>> [apiv2][body] POST https://upload-firebasehosting.googleapis.com/upload/sites/frontera-hacks/versions/10056be6e7216bac/files/8936e7482231c7731bc6fae9436e71c2a67c475cc1fd9e9db3337ff58402ffeb [stream]
[debug] [2022-11-20T07:48:24.918Z] >>> [apiv2][query] POST https://upload-firebasehosting.googleapis.com/upload/sites/frontera-hacks/versions/10056be6e7216bac/files/722e081307194fe50c36ceb7f410b0a282376b9c27b4782bbeb89a33c1f2137f [none]
[debug] [2022-11-20T07:48:24.918Z] >>> [apiv2][body] POST https://upload-firebasehosting.googleapis.com/upload/sites/frontera-hacks/versions/10056be6e7216bac/files/722e081307194fe50c36ceb7f410b0a282376b9c27b4782bbeb89a33c1f2137f [stream]
[debug] [2022-11-20T07:48:24.918Z] >>> [apiv2][query] POST https://upload-firebasehosting.googleapis.com/upload/sites/frontera-hacks/versions/10056be6e7216bac/files/c6458bb842443e3dd637b79fa69e58c01d8327ccb20be6769f8e6655bb44ca8c [none]
[debug] [2022-11-20T07:48:24.918Z] >>> [apiv2][body] POST https://upload-firebasehosting.googleapis.com/upload/sites/frontera-hacks/versions/10056be6e7216bac/files/c6458bb842443e3dd637b79fa69e58c01d8327ccb20be6769f8e6655bb44ca8c [stream]
[debug] [2022-11-20T07:48:24.919Z] >>> [apiv2][query] POST https://upload-firebasehosting.googleapis.com/upload/sites/frontera-hacks/versions/10056be6e7216bac/files/8ac10393f9d175f0d699d33ac1441a5473a5454b40493dbce92df13ebd25c351 [none]
[debug] [2022-11-20T07:48:24.919Z] >>> [apiv2][body] POST https://upload-firebasehosting.googleapis.com/upload/sites/frontera-hacks/versions/10056be6e7216bac/files/8ac10393f9d175f0d699d33ac1441a5473a5454b40493dbce92df13ebd25c351 [stream]
[debug] [2022-11-20T07:48:24.919Z] >>> [apiv2][query] POST https://upload-firebasehosting.googleapis.com/upload/sites/frontera-hacks/versions/10056be6e7216bac/files/09afb19798b07de3a4a7fcb70062d7887f6ea73966ba6555237314d1d2d553b2 [none]
[debug] [2022-11-20T07:48:24.919Z] >>> [apiv2][body] POST https://upload-firebasehosting.googleapis.com/upload/sites/frontera-hacks/versions/10056be6e7216bac/files/09afb19798b07de3a4a7fcb70062d7887f6ea73966ba6555237314d1d2d553b2 [stream]
[debug] [2022-11-20T07:48:24.920Z] >>> [apiv2][query] POST https://upload-firebasehosting.googleapis.com/upload/sites/frontera-hacks/versions/10056be6e7216bac/files/9cce3e03163abe3a93a47ba98d0055edd36de9dd9276a5542bb8b79f57652dec [none]
[debug] [2022-11-20T07:48:24.920Z] >>> [apiv2][body] POST https://upload-firebasehosting.googleapis.com/upload/sites/frontera-hacks/versions/10056be6e7216bac/files/9cce3e03163abe3a93a47ba98d0055edd36de9dd9276a5542bb8b79f57652dec [stream]
[debug] [2022-11-20T07:48:24.922Z] >>> [apiv2][query] POST https://upload-firebasehosting.googleapis.com/upload/sites/frontera-hacks/versions/10056be6e7216bac/files/c7db593d93712327a9601d586cebef87762c01b2ddad8351c67823fac7245fa7 [none]
[debug] [2022-11-20T07:48:24.922Z] >>> [apiv2][body] POST https://upload-firebasehosting.googleapis.com/upload/sites/frontera-hacks/versions/10056be6e7216bac/files/c7db593d93712327a9601d586cebef87762c01b2ddad8351c67823fac7245fa7 [stream]
[debug] [2022-11-20T07:48:24.922Z] >>> [apiv2][query] POST https://upload-firebasehosting.googleapis.com/upload/sites/frontera-hacks/versions/10056be6e7216bac/files/b5cf3b2682ea2eb7798fc5946feb083443f0b1274dde28ad3335b91206d6548f [none]
[debug] [2022-11-20T07:48:24.922Z] >>> [apiv2][body] POST https://upload-firebasehosting.googleapis.com/upload/sites/frontera-hacks/versions/10056be6e7216bac/files/b5cf3b2682ea2eb7798fc5946feb083443f0b1274dde28ad3335b91206d6548f [stream]
[debug] [2022-11-20T07:48:24.923Z] >>> [apiv2][query] POST https://upload-firebasehosting.googleapis.com/upload/sites/frontera-hacks/versions/10056be6e7216bac/files/051936ec4a5904bd3378132cbf6cb1ec7164b88b929d1b01339480b0e8ace202 [none]
[debug] [2022-11-20T07:48:24.923Z] >>> [apiv2][body] POST https://upload-firebasehosting.googleapis.com/upload/sites/frontera-hacks/versions/10056be6e7216bac/files/051936ec4a5904bd3378132cbf6cb1ec7164b88b929d1b01339480b0e8ace202 [stream]
[debug] [2022-11-20T07:48:24.923Z] >>> [apiv2][query] POST https://upload-firebasehosting.googleapis.com/upload/sites/frontera-hacks/versions/10056be6e7216bac/files/c3908566c4f344e11c8fe6dbe9ce537a750a576454dc73ab1939fb0b3b28f0e6 [none]
[debug] [2022-11-20T07:48:24.923Z] >>> [apiv2][body] POST https://upload-firebasehosting.googleapis.com/upload/sites/frontera-hacks/versions/10056be6e7216bac/files/c3908566c4f344e11c8fe6dbe9ce537a750a576454dc73ab1939fb0b3b28f0e6 [stream]
[debug] [2022-11-20T07:48:24.923Z] >>> [apiv2][query] POST https://upload-firebasehosting.googleapis.com/upload/sites/frontera-hacks/versions/10056be6e7216bac/files/2e411a5f8c45efca2960e6d3ec70f051340d8546b2b3fc5494efe9fbe9beecbb [none]
[debug] [2022-11-20T07:48:24.923Z] >>> [apiv2][body] POST https://upload-firebasehosting.googleapis.com/upload/sites/frontera-hacks/versions/10056be6e7216bac/files/2e411a5f8c45efca2960e6d3ec70f051340d8546b2b3fc5494efe9fbe9beecbb [stream]
[debug] [2022-11-20T07:48:24.924Z] >>> [apiv2][query] POST https://upload-firebasehosting.googleapis.com/upload/sites/frontera-hacks/versions/10056be6e7216bac/files/7a6ebf178a56c0341e2d05272dbc97d39fd2174a361cbd1ef062ac0e32bbd31a [none]
[debug] [2022-11-20T07:48:24.924Z] >>> [apiv2][body] POST https://upload-firebasehosting.googleapis.com/upload/sites/frontera-hacks/versions/10056be6e7216bac/files/7a6ebf178a56c0341e2d05272dbc97d39fd2174a361cbd1ef062ac0e32bbd31a [stream]
[debug] [2022-11-20T07:48:24.924Z] >>> [apiv2][query] POST https://upload-firebasehosting.googleapis.com/upload/sites/frontera-hacks/versions/10056be6e7216bac/files/e0f9f9e117fbedca97f2a1ab5092359ae49d004bf34ffebeaf13bd70b7f0b4b9 [none]
[debug] [2022-11-20T07:48:24.924Z] >>> [apiv2][body] POST https://upload-firebasehosting.googleapis.com/upload/sites/frontera-hacks/versions/10056be6e7216bac/files/e0f9f9e117fbedca97f2a1ab5092359ae49d004bf34ffebeaf13bd70b7f0b4b9 [stream]
[debug] [2022-11-20T07:48:24.924Z] >>> [apiv2][query] POST https://upload-firebasehosting.googleapis.com/upload/sites/frontera-hacks/versions/10056be6e7216bac/files/195eb3e8749e7f0291ea7713b6fa30e7898eab763877547900439b0ee0f7f277 [none]
[debug] [2022-11-20T07:48:24.925Z] >>> [apiv2][body] POST https://upload-firebasehosting.googleapis.com/upload/sites/frontera-hacks/versions/10056be6e7216bac/files/195eb3e8749e7f0291ea7713b6fa30e7898eab763877547900439b0ee0f7f277 [stream]
[debug] [2022-11-20T07:48:24.925Z] >>> [apiv2][query] POST https://upload-firebasehosting.googleapis.com/upload/sites/frontera-hacks/versions/10056be6e7216bac/files/d95c1bdb1aace83e2e8e7796057b5cc8fc84745173477287da33a52b7d46bc52 [none]
[debug] [2022-11-20T07:48:24.925Z] >>> [apiv2][body] POST https://upload-firebasehosting.googleapis.com/upload/sites/frontera-hacks/versions/10056be6e7216bac/files/d95c1bdb1aace83e2e8e7796057b5cc8fc84745173477287da33a52b7d46bc52 [stream]
[debug] [2022-11-20T07:48:24.925Z] >>> [apiv2][query] POST https://upload-firebasehosting.googleapis.com/upload/sites/frontera-hacks/versions/10056be6e7216bac/files/1716b5d7d32969e6746d82a25f0fa5843a81c6e20c39cc0e2ae779f105db3daa [none]
[debug] [2022-11-20T07:48:24.925Z] >>> [apiv2][body] POST https://upload-firebasehosting.googleapis.com/upload/sites/frontera-hacks/versions/10056be6e7216bac/files/1716b5d7d32969e6746d82a25f0fa5843a81c6e20c39cc0e2ae779f105db3daa [stream]
[debug] [2022-11-20T07:48:24.926Z] [hosting][populate queue][FINAL] {"max":401,"min":401,"avg":401,"active":0,"complete":1,"success":1,"errored":0,"retried":0,"total":1,"elapsed":415}
[debug] [2022-11-20T07:48:24.926Z] [hosting] uploads queued: 24
